This is XeTeX, Version 3.141592653-2.6-0.999993 (TeX Live 2021/W32TeX) (preloaded format=xelatex 2021.4.26)  29 APR 2021 10:09
entering extended mode
 restricted \write18 enabled.
 %&-line parsing enabled.
**im-ak-survey-implementation-plan.tex
(./im-ak-survey-implementation-plan.tex
LaTeX2e <2020-10-01> patch level 4
L3 programming layer <2021-02-18> (c:/Users/mcobb/AppData/Roaming/TinyTeX/texmf
-dist/tex/latex/base/book.cls
Document Class: book 2020/04/10 v1.4m Standard LaTeX document class
(c:/Users/mcobb/AppData/Roaming/TinyTeX/texmf-dist/tex/latex/base/bk10.clo
File: bk10.clo 2020/04/10 v1.4m Standard LaTeX file (size option)
)
\c@part=\count175
\c@chapter=\count176
\c@section=\count177
\c@subsection=\count178
\c@subsubsection=\count179
\c@paragraph=\count180
\c@subparagraph=\count181
\c@figure=\count182
\c@table=\count183
\abovecaptionskip=\skip47
\belowcaptionskip=\skip48
\bibindent=\dimen138
)
(c:/Users/mcobb/AppData/Roaming/TinyTeX/texmf-dist/tex/latex/setspace/setspace.
sty
Package: setspace 2011/12/19 v6.7a set line spacing
) (c:/Users/mcobb/AppData/Roaming/TinyTeX/texmf-dist/tex/latex/lm/lmodern.sty
Package: lmodern 2015/05/01 v1.6.1 Latin Modern Fonts
LaTeX Font Info:    Overwriting symbol font `operators' in version `normal'
(Font)                  OT1/cmr/m/n --> OT1/lmr/m/n on input line 22.
LaTeX Font Info:    Overwriting symbol font `letters' in version `normal'
(Font)                  OML/cmm/m/it --> OML/lmm/m/it on input line 23.
LaTeX Font Info:    Overwriting symbol font `symbols' in version `normal'
(Font)                  OMS/cmsy/m/n --> OMS/lmsy/m/n on input line 24.
LaTeX Font Info:    Overwriting symbol font `largesymbols' in version `normal'
(Font)                  OMX/cmex/m/n --> OMX/lmex/m/n on input line 25.
LaTeX Font Info:    Overwriting symbol font `operators' in version `bold'
(Font)                  OT1/cmr/bx/n --> OT1/lmr/bx/n on input line 26.
LaTeX Font Info:    Overwriting symbol font `letters' in version `bold'
(Font)                  OML/cmm/b/it --> OML/lmm/b/it on input line 27.
LaTeX Font Info:    Overwriting symbol font `symbols' in version `bold'
(Font)                  OMS/cmsy/b/n --> OMS/lmsy/b/n on input line 28.
LaTeX Font Info:    Overwriting symbol font `largesymbols' in version `bold'
(Font)                  OMX/cmex/m/n --> OMX/lmex/m/n on input line 29.
LaTeX Font Info:    Overwriting math alphabet `\mathbf' in version `normal'
(Font)                  OT1/cmr/bx/n --> OT1/lmr/bx/n on input line 31.
LaTeX Font Info:    Overwriting math alphabet `\mathsf' in version `normal'
(Font)                  OT1/cmss/m/n --> OT1/lmss/m/n on input line 32.
LaTeX Font Info:    Overwriting math alphabet `\mathit' in version `normal'
(Font)                  OT1/cmr/m/it --> OT1/lmr/m/it on input line 33.
LaTeX Font Info:    Overwriting math alphabet `\mathtt' in version `normal'
(Font)                  OT1/cmtt/m/n --> OT1/lmtt/m/n on input line 34.
LaTeX Font Info:    Overwriting math alphabet `\mathbf' in version `bold'
(Font)                  OT1/cmr/bx/n --> OT1/lmr/bx/n on input line 35.
LaTeX Font Info:    Overwriting math alphabet `\mathsf' in version `bold'
(Font)                  OT1/cmss/bx/n --> OT1/lmss/bx/n on input line 36.
LaTeX Font Info:    Overwriting math alphabet `\mathit' in version `bold'
(Font)                  OT1/cmr/bx/it --> OT1/lmr/bx/it on input line 37.
LaTeX Font Info:    Overwriting math alphabet `\mathtt' in version `bold'
(Font)                  OT1/cmtt/m/n --> OT1/lmtt/m/n on input line 38.
)
(c:/Users/mcobb/AppData/Roaming/TinyTeX/texmf-dist/tex/latex/amsfonts/amssymb.s
ty
Package: amssymb 2013/01/14 v3.01 AMS font symbols

(c:/Users/mcobb/AppData/Roaming/TinyTeX/texmf-dist/tex/latex/amsfonts/amsfonts.
sty
Package: amsfonts 2013/01/14 v3.01 Basic AMSFonts support
\@emptytoks=\toks15
\symAMSa=\mathgroup4
\symAMSb=\mathgroup5
LaTeX Font Info:    Redeclaring math symbol \hbar on input line 98.
LaTeX Font Info:    Overwriting math alphabet `\mathfrak' in version `bold'
(Font)                  U/euf/m/n --> U/euf/b/n on input line 106.
))
(c:/Users/mcobb/AppData/Roaming/TinyTeX/texmf-dist/tex/latex/amsmath/amsmath.st
y
Package: amsmath 2020/09/23 v2.17i AMS math features
\@mathmargin=\skip49
For additional information on amsmath, use the `?' option.

(c:/Users/mcobb/AppData/Roaming/TinyTeX/texmf-dist/tex/latex/amsmath/amstext.st
y
Package: amstext 2000/06/29 v2.01 AMS text

(c:/Users/mcobb/AppData/Roaming/TinyTeX/texmf-dist/tex/latex/amsmath/amsgen.sty
File: amsgen.sty 1999/11/30 v2.0 generic functions
\@emptytoks=\toks16
\ex@=\dimen139
))
(c:/Users/mcobb/AppData/Roaming/TinyTeX/texmf-dist/tex/latex/amsmath/amsbsy.sty
Package: amsbsy 1999/11/29 v1.2d Bold Symbols
\pmbraise@=\dimen140
)
(c:/Users/mcobb/AppData/Roaming/TinyTeX/texmf-dist/tex/latex/amsmath/amsopn.sty
Package: amsopn 2016/03/08 v2.02 operator names
)
\inf@bad=\count184
LaTeX Info: Redefining \frac on input line 234.
\uproot@=\count185
\leftroot@=\count186
LaTeX Info: Redefining \overline on input line 399.
\classnum@=\count187
\DOTSCASE@=\count188
LaTeX Info: Redefining \ldots on input line 496.
LaTeX Info: Redefining \dots on input line 499.
LaTeX Info: Redefining \cdots on input line 620.
\Mathstrutbox@=\box47
\strutbox@=\box48
\big@size=\dimen141
LaTeX Font Info:    Redeclaring font encoding OML on input line 743.
LaTeX Font Info:    Redeclaring font encoding OMS on input line 744.
\macc@depth=\count189
\c@MaxMatrixCols=\count190
\dotsspace@=\muskip16
\c@parentequation=\count191
\dspbrk@lvl=\count192
\tag@help=\toks17
\row@=\count193
\column@=\count194
\maxfields@=\count195
\andhelp@=\toks18
\eqnshift@=\dimen142
\alignsep@=\dimen143
\tagshift@=\dimen144
\tagwidth@=\dimen145
\totwidth@=\dimen146
\lineht@=\dimen147
\@envbody=\toks19
\multlinegap=\skip50
\multlinetaggap=\skip51
\mathdisplay@stack=\toks20
LaTeX Info: Redefining \[ on input line 2923.
LaTeX Info: Redefining \] on input line 2924.
)
(c:/Users/mcobb/AppData/Roaming/TinyTeX/texmf-dist/tex/generic/iftex/ifxetex.st
y
Package: ifxetex 2019/10/25 v0.7 ifxetex legacy package. Use iftex instead.
(c:/Users/mcobb/AppData/Roaming/TinyTeX/texmf-dist/tex/generic/iftex/iftex.sty
Package: iftex 2020/03/06 v1.0d TeX engine tests
))
(c:/Users/mcobb/AppData/Roaming/TinyTeX/texmf-dist/tex/generic/iftex/ifluatex.s
ty
Package: ifluatex 2019/10/25 v1.5 ifluatex legacy package. Use iftex instead.
)
(c:/Users/mcobb/AppData/Roaming/TinyTeX/texmf-dist/tex/latex/titling/titling.st
y
Package: titling 2009/09/04 v2.1d maketitle typesetting
\thanksmarkwidth=\skip52
\thanksmargin=\skip53
\droptitle=\skip54
) (c:/Users/mcobb/AppData/Roaming/TinyTeX/texmf-dist/tex/latex/xcolor/xcolor.st
y
Package: xcolor 2016/05/11 v2.12 LaTeX color extensions (UK)

(c:/Users/mcobb/AppData/Roaming/TinyTeX/texmf-dist/tex/latex/graphics-cfg/color
.cfg
File: color.cfg 2016/01/02 v1.6 sample color configuration
)
Package xcolor Info: Driver file: xetex.def on input line 225.

(c:/Users/mcobb/AppData/Roaming/TinyTeX/texmf-dist/tex/latex/graphics-def/xetex
.def
File: xetex.def 2021/03/18 v5.0k Graphics/color driver for xetex
)
(c:/Users/mcobb/AppData/Roaming/TinyTeX/texmf-dist/tex/latex/colortbl/colortbl.
sty
Package: colortbl 2020/01/04 v1.0e Color table columns (DPC)
(c:/Users/mcobb/AppData/Roaming/TinyTeX/texmf-dist/tex/latex/tools/array.sty
Package: array 2020/10/01 v2.5c Tabular extension package (FMi)
\col@sep=\dimen148
\ar@mcellbox=\box49
\extrarowheight=\dimen149
\NC@list=\toks21
\extratabsurround=\skip55
\backup@length=\skip56
\ar@cellbox=\box50
)
\everycr=\toks22
\minrowclearance=\skip57
)
\rownum=\count196
Package xcolor Info: Model `cmy' substituted by `cmy0' on input line 1348.
Package xcolor Info: Model `RGB' extended on input line 1364.
Package xcolor Info: Model `HTML' substituted by `rgb' on input line 1366.
Package xcolor Info: Model `Hsb' substituted by `hsb' on input line 1367.
Package xcolor Info: Model `tHsb' substituted by `hsb' on input line 1368.
Package xcolor Info: Model `HSB' substituted by `hsb' on input line 1369.
Package xcolor Info: Model `Gray' substituted by `gray' on input line 1370.
Package xcolor Info: Model `wave' substituted by `hsb' on input line 1371.

(c:/Users/mcobb/AppData/Roaming/TinyTeX/texmf-dist/tex/latex/graphics/dvipsnam.
def
File: dvipsnam.def 2016/06/17 v3.0m Driver-dependent file (DPC,SPQR)
))
(c:/Users/mcobb/AppData/Roaming/TinyTeX/texmf-dist/tex/latex/ragged2e/ragged2e.
sty
Package: ragged2e 2021/02/05 v3.0 ragged2e Package

LaTeX Warning: Command \@arrayparboxrestore  has changed.
               Check if current package is valid.


(c:/Users/mcobb/AppData/Roaming/TinyTeX/texmf-dist/tex/latex/everysel/everysel.
sty
Package: everysel 2021/01/20 v2.1 EverySelectfont Package (MS)

(c:/Users/mcobb/AppData/Roaming/TinyTeX/texmf-dist/tex/latex/everysel/everysel-
2011-10-28.sty))
(c:/Users/mcobb/AppData/Roaming/TinyTeX/texmf-dist/tex/latex/footmisc/footmisc.
sty
Package: footmisc 2011/06/06 v5.5b a miscellany of footnote facilities
\FN@temptoken=\toks23
\footnotemargin=\dimen150
\c@pp@next@reset=\count197
Package footmisc Info: Declaring symbol style bringhurst on input line 855.
Package footmisc Info: Declaring symbol style chicago on input line 863.
Package footmisc Info: Declaring symbol style wiley on input line 872.
Package footmisc Info: Declaring symbol style lamport-robust on input line 883.

Package footmisc Info: Declaring symbol style lamport* on input line 903.
Package footmisc Info: Declaring symbol style lamport*-robust on input line 924
.
)
\CenteringLeftskip=\skip58
\RaggedLeftLeftskip=\skip59
\RaggedRightLeftskip=\skip60
\CenteringRightskip=\skip61
\RaggedLeftRightskip=\skip62
\RaggedRightRightskip=\skip63
\CenteringParfillskip=\skip64
\RaggedLeftParfillskip=\skip65
\RaggedRightParfillskip=\skip66
\JustifyingParfillskip=\skip67
\CenteringParindent=\skip68
\RaggedLeftParindent=\skip69
\RaggedRightParindent=\skip70
\JustifyingParindent=\skip71
)
(c:/Users/mcobb/AppData/Roaming/TinyTeX/texmf-dist/tex/latex/hyphenat/hyphenat.
sty
Package: hyphenat 2009/09/02 v2.3c hyphenation utilities
\langwohyphens=\language3
LaTeX Info: Redefining \_ on input line 43.
)
(c:/Users/mcobb/AppData/Roaming/TinyTeX/texmf-dist/tex/latex/caption/caption.st
y
Package: caption 2020/10/26 v3.5g Customizing captions (AR)

(c:/Users/mcobb/AppData/Roaming/TinyTeX/texmf-dist/tex/latex/caption/caption3.s
ty
Package: caption3 2020/10/21 v2.2e caption3 kernel (AR)

(c:/Users/mcobb/AppData/Roaming/TinyTeX/texmf-dist/tex/latex/graphics/keyval.st
y
Package: keyval 2014/10/28 v1.15 key=value parser (DPC)
\KV@toks@=\toks24
)
\captionmargin=\dimen151
\captionmargin@=\dimen152
\captionwidth=\dimen153
\caption@tempdima=\dimen154
\caption@indent=\dimen155
\caption@parindent=\dimen156
\caption@hangindent=\dimen157
Package caption Info: Standard document class detected.
)
\c@caption@flags=\count198
\c@continuedfloat=\count199
)
(c:/Users/mcobb/AppData/Roaming/TinyTeX/texmf-dist/tex/latex/enumitem/enumitem.
sty
Package: enumitem 2019/06/20 v3.9 Customized lists
\labelindent=\skip72
\enit@outerparindent=\dimen158
\enit@toks=\toks25
\enit@inbox=\box51
\enit@count@id=\count266
\enitdp@description=\count267
) (c:/Users/mcobb/AppData/Roaming/TinyTeX/texmf-dist/tex/latex/base/flafter.sty
Package: flafter 2018/11/28 v1.4d Standard LaTeX floats after reference (FMi)
Applying: [2015/01/01] float order in 2-column on input line 49.
Already applied: [0000/00/00] float order in 2-column on input line 151.
)
(c:/Users/mcobb/AppData/Roaming/TinyTeX/texmf-dist/tex/latex/placeins/placeins.
sty
Package: placeins 2005/04/18  v 2.2
) (c:/Users/mcobb/AppData/Roaming/TinyTeX/texmf-dist/tex/latex/base/fontenc.sty
Package: fontenc 2020/08/10 v2.0s Standard LaTeX package
LaTeX Font Info:    Trying to load font information for T1+lmr on input line 11
2.
(c:/Users/mcobb/AppData/Roaming/TinyTeX/texmf-dist/tex/latex/lm/t1lmr.fd
File: t1lmr.fd 2015/05/01 v1.6.1 Font defs for Latin Modern
)) (c:/Users/mcobb/AppData/Roaming/TinyTeX/texmf-dist/tex/latex/base/inputenc.s
ty
Package: inputenc 2020/08/01 v1.3d Input encoding file
\inpenc@prehook=\toks26
\inpenc@posthook=\toks27

Package inputenc Warning: inputenc package ignored with utf8 based engines.

)
(c:/Users/mcobb/AppData/Roaming/TinyTeX/texmf-dist/tex/latex/pdflscape/pdflscap
e.sty
Package: pdflscape 2019/12/05 v0.12 Display of landscape pages in PDF (HO)

(c:/Users/mcobb/AppData/Roaming/TinyTeX/texmf-dist/tex/latex/graphics/lscape.st
y
Package: lscape 2020/05/28 v3.02 Landscape Pages (DPC)

(c:/Users/mcobb/AppData/Roaming/TinyTeX/texmf-dist/tex/latex/graphics/graphics.
sty
Package: graphics 2020/08/30 v1.4c Standard LaTeX Graphics (DPC,SPQR)
(c:/Users/mcobb/AppData/Roaming/TinyTeX/texmf-dist/tex/latex/graphics/trig.sty
Package: trig 2016/01/03 v1.10 sin cos tan (DPC)
)
(c:/Users/mcobb/AppData/Roaming/TinyTeX/texmf-dist/tex/latex/graphics-cfg/graph
ics.cfg
File: graphics.cfg 2016/06/04 v1.11 sample graphics configuration
)
Package graphics Info: Driver file: xetex.def on input line 105.
))
Package pdflscape Info: Auto-detected driver: dvipdfm (xetex) on input line 98.


(c:/Users/mcobb/AppData/Roaming/TinyTeX/texmf-dist/tex/latex/base/atbegshi-ltx.
sty
Package: atbegshi-ltx 2020/08/17 v1.0a Emulation of the original atbegshi packa
ge
with kernel methods
))
(c:/Users/mcobb/AppData/Roaming/TinyTeX/texmf-dist/tex/latex/titlesec/titlesec.
sty
Package: titlesec 2019/10/16 v2.13 Sectioning titles
\ttl@box=\box52
\beforetitleunit=\skip73
\aftertitleunit=\skip74
\ttl@plus=\dimen159
\ttl@minus=\dimen160
\ttl@toksa=\toks28
\titlewidth=\dimen161
\titlewidthlast=\dimen162
\titlewidthfirst=\dimen163
)
(c:/Users/mcobb/AppData/Roaming/TinyTeX/texmf-dist/tex/latex/geometry/geometry.
sty
Package: geometry 2020/01/02 v5.9 Page Geometry

(c:/Users/mcobb/AppData/Roaming/TinyTeX/texmf-dist/tex/generic/iftex/ifvtex.sty
Package: ifvtex 2019/10/25 v1.7 ifvtex legacy package. Use iftex instead.
)
\Gm@cnth=\count268
\Gm@cntv=\count269
\c@Gm@tempcnt=\count270
\Gm@bindingoffset=\dimen164
\Gm@wd@mp=\dimen165
\Gm@odd@mp=\dimen166
\Gm@even@mp=\dimen167
\Gm@layoutwidth=\dimen168
\Gm@layoutheight=\dimen169
\Gm@layouthoffset=\dimen170
\Gm@layoutvoffset=\dimen171
\Gm@dimlist=\toks29
)
(c:/Users/mcobb/AppData/Roaming/TinyTeX/texmf-dist/tex/latex/hyperref/hyperref.
sty
Package: hyperref 2021-02-27 v7.00k Hypertext links for LaTeX

(c:/Users/mcobb/AppData/Roaming/TinyTeX/texmf-dist/tex/generic/ltxcmds/ltxcmds.
sty
Package: ltxcmds 2020-05-10 v1.25 LaTeX kernel commands for general use (HO)
)
(c:/Users/mcobb/AppData/Roaming/TinyTeX/texmf-dist/tex/generic/pdftexcmds/pdfte
xcmds.sty
Package: pdftexcmds 2020-06-27 v0.33 Utility functions of pdfTeX for LuaTeX (HO
)

(c:/Users/mcobb/AppData/Roaming/TinyTeX/texmf-dist/tex/generic/infwarerr/infwar
err.sty
Package: infwarerr 2019/12/03 v1.5 Providing info/warning/error messages (HO)
)
Package pdftexcmds Info: \pdf@primitive is available.
Package pdftexcmds Info: \pdf@ifprimitive is available.
Package pdftexcmds Info: \pdfdraftmode not found.
)
(c:/Users/mcobb/AppData/Roaming/TinyTeX/texmf-dist/tex/generic/kvsetkeys/kvsetk
eys.sty
Package: kvsetkeys 2019/12/15 v1.18 Key value parser (HO)
)
(c:/Users/mcobb/AppData/Roaming/TinyTeX/texmf-dist/tex/generic/kvdefinekeys/kvd
efinekeys.sty
Package: kvdefinekeys 2019-12-19 v1.6 Define keys (HO)
)
(c:/Users/mcobb/AppData/Roaming/TinyTeX/texmf-dist/tex/generic/pdfescape/pdfesc
ape.sty
Package: pdfescape 2019/12/09 v1.15 Implements pdfTeX's escape features (HO)
)
(c:/Users/mcobb/AppData/Roaming/TinyTeX/texmf-dist/tex/latex/hycolor/hycolor.st
y
Package: hycolor 2020-01-27 v1.10 Color options for hyperref/bookmark (HO)
)
(c:/Users/mcobb/AppData/Roaming/TinyTeX/texmf-dist/tex/latex/letltxmacro/letltx
macro.sty
Package: letltxmacro 2019/12/03 v1.6 Let assignment for LaTeX macros (HO)
)
(c:/Users/mcobb/AppData/Roaming/TinyTeX/texmf-dist/tex/latex/auxhook/auxhook.st
y
Package: auxhook 2019-12-17 v1.6 Hooks for auxiliary files (HO)
)
(c:/Users/mcobb/AppData/Roaming/TinyTeX/texmf-dist/tex/latex/kvoptions/kvoption
s.sty
Package: kvoptions 2020-10-07 v3.14 Key value format for package options (HO)
)
\@linkdim=\dimen172
\Hy@linkcounter=\count271
\Hy@pagecounter=\count272

(c:/Users/mcobb/AppData/Roaming/TinyTeX/texmf-dist/tex/latex/hyperref/pd1enc.de
f
File: pd1enc.def 2021-02-27 v7.00k Hyperref: PDFDocEncoding definition (HO)
)
(c:/Users/mcobb/AppData/Roaming/TinyTeX/texmf-dist/tex/latex/hyperref/hyperref-
langpatches.def
File: hyperref-langpatches.def 2021-02-27 v7.00k Hyperref: patches for babel la
nguages
)
(c:/Users/mcobb/AppData/Roaming/TinyTeX/texmf-dist/tex/generic/intcalc/intcalc.
sty
Package: intcalc 2019/12/15 v1.3 Expandable calculations with integers (HO)
)
(c:/Users/mcobb/AppData/Roaming/TinyTeX/texmf-dist/tex/generic/etexcmds/etexcmd
s.sty
Package: etexcmds 2019/12/15 v1.7 Avoid name clashes with e-TeX commands (HO)
)
\Hy@SavedSpaceFactor=\count273

(c:/Users/mcobb/AppData/Roaming/TinyTeX/texmf-dist/tex/latex/hyperref/puenc.def
File: puenc.def 2021-02-27 v7.00k Hyperref: PDF Unicode definition (HO)
)
Package hyperref Info: Hyper figures OFF on input line 4192.
Package hyperref Info: Link nesting OFF on input line 4197.
Package hyperref Info: Hyper index ON on input line 4200.
Package hyperref Info: Plain pages OFF on input line 4207.
Package hyperref Info: Backreferencing OFF on input line 4212.
Package hyperref Info: Implicit mode ON; LaTeX internals redefined.
Package hyperref Info: Bookmarks ON on input line 4445.
\c@Hy@tempcnt=\count274
(c:/Users/mcobb/AppData/Roaming/TinyTeX/texmf-dist/tex/latex/url/url.sty
\Urlmuskip=\muskip17
Package: url 2013/09/16  ver 3.4  Verb mode for urls, etc.
)
LaTeX Info: Redefining \url on input line 4804.
\XeTeXLinkMargin=\dimen173

(c:/Users/mcobb/AppData/Roaming/TinyTeX/texmf-dist/tex/generic/bitset/bitset.st
y
Package: bitset 2019/12/09 v1.3 Handle bit-vector datatype (HO)

(c:/Users/mcobb/AppData/Roaming/TinyTeX/texmf-dist/tex/generic/bigintcalc/bigin
tcalc.sty
Package: bigintcalc 2019/12/15 v1.5 Expandable calculations on big integers (HO
)
))
\Fld@menulength=\count275
\Field@Width=\dimen174
\Fld@charsize=\dimen175
Package hyperref Info: Hyper figures OFF on input line 6075.
Package hyperref Info: Link nesting OFF on input line 6080.
Package hyperref Info: Hyper index ON on input line 6083.
Package hyperref Info: backreferencing OFF on input line 6090.
Package hyperref Info: Link coloring OFF on input line 6095.
Package hyperref Info: Link coloring with OCG OFF on input line 6100.
Package hyperref Info: PDF/A mode OFF on input line 6105.
LaTeX Info: Redefining \ref on input line 6145.
LaTeX Info: Redefining \pageref on input line 6149.
\Hy@abspage=\count276
\c@Item=\count277
\c@Hfootnote=\count278
)
Package hyperref Info: Driver (autodetected): hxetex.

(c:/Users/mcobb/AppData/Roaming/TinyTeX/texmf-dist/tex/latex/hyperref/hxetex.de
f
File: hxetex.def 2021-02-27 v7.00k Hyperref driver for XeTeX

(c:/Users/mcobb/AppData/Roaming/TinyTeX/texmf-dist/tex/generic/stringenc/string
enc.sty
Package: stringenc 2019/11/29 v1.12 Convert strings between diff. encodings (HO
)
)
\pdfm@box=\box53
\c@Hy@AnnotLevel=\count279
\HyField@AnnotCount=\count280
\Fld@listcount=\count281
\c@bookmark@seq@number=\count282

(c:/Users/mcobb/AppData/Roaming/TinyTeX/texmf-dist/tex/latex/rerunfilecheck/rer
unfilecheck.sty
Package: rerunfilecheck 2019/12/05 v1.9 Rerun checks for auxiliary files (HO)

(c:/Users/mcobb/AppData/Roaming/TinyTeX/texmf-dist/tex/latex/base/atveryend-ltx
.sty
Package: atveryend-ltx 2020/08/19 v1.0a Emulation of the original atvery packag
e
with kernel methods
)
(c:/Users/mcobb/AppData/Roaming/TinyTeX/texmf-dist/tex/generic/uniquecounter/un
iquecounter.sty
Package: uniquecounter 2019/12/15 v1.4 Provide unlimited unique counter (HO)
)
Package uniquecounter Info: New unique counter `rerunfilecheck' on input line 2
86.
)
\Hy@SectionHShift=\skip75
)
Package hyperref Info: Option `unicode' set `true' on input line 64.
Package hyperref Info: Option `breaklinks' set `true' on input line 64.

(c:/Users/mcobb/AppData/Roaming/TinyTeX/texmf-dist/tex/latex/tools/longtable.st
y
Package: longtable 2020/01/07 v4.13 Multi-page Table package (DPC)
\LTleft=\skip76
\LTright=\skip77
\LTpre=\skip78
\LTpost=\skip79
\LTchunksize=\count283
\LTcapwidth=\dimen176
\LT@head=\box54
\LT@firsthead=\box55
\LT@foot=\box56
\LT@lastfoot=\box57
\LT@cols=\count284
\LT@rows=\count285
\c@LT@tables=\count286
\c@LT@chunks=\count287
\LT@p@ftn=\toks30
)
(c:/Users/mcobb/AppData/Roaming/TinyTeX/texmf-dist/tex/latex/booktabs/booktabs.
sty
Package: booktabs 2020/01/12 v1.61803398 Publication quality tables
\heavyrulewidth=\dimen177
\lightrulewidth=\dimen178
\cmidrulewidth=\dimen179
\belowrulesep=\dimen180
\belowbottomsep=\dimen181
\aboverulesep=\dimen182
\abovetopsep=\dimen183
\cmidrulesep=\dimen184
\cmidrulekern=\dimen185
\defaultaddspace=\dimen186
\@cmidla=\count288
\@cmidlb=\count289
\@aboverulesep=\dimen187
\@belowrulesep=\dimen188
\@thisruleclass=\count290
\@lastruleclass=\count291
\@thisrulewidth=\dimen189
)
(c:/Users/mcobb/AppData/Roaming/TinyTeX/texmf-dist/tex/latex/graphics/graphicx.
sty
Package: graphicx 2020/09/09 v1.2b Enhanced LaTeX Graphics (DPC,SPQR)
\Gin@req@height=\dimen190
\Gin@req@width=\dimen191
)
(c:/Users/mcobb/AppData/Roaming/TinyTeX/texmf-dist/tex/latex/grffile/grffile.st
y
Package: grffile 2019/11/11 v2.1 Extended file name support for graphics (legac
y)
Package grffile Info: This package is an empty stub for compatibility on input 
line 40.
)
(c:/Users/mcobb/AppData/Roaming/TinyTeX/texmf-dist/tex/latex/multirow/multirow.
sty
Package: multirow 2021/03/15 v2.8 Span multiple rows of a table
\multirow@colwidth=\skip80
\multirow@cntb=\count292
\multirow@dima=\skip81
\bigstrutjot=\dimen192
)
(c:/Users/mcobb/AppData/Roaming/TinyTeX/texmf-dist/tex/latex/wrapfig/wrapfig.st
y
\wrapoverhang=\dimen193
\WF@size=\dimen194
\c@WF@wrappedlines=\count293
\WF@box=\box58
\WF@everypar=\toks31
Package: wrapfig 2003/01/31  v 3.6
) (c:/Users/mcobb/AppData/Roaming/TinyTeX/texmf-dist/tex/latex/float/float.sty
Package: float 2001/11/08 v1.3d Float enhancements (AL)
\c@float@type=\count294
\float@exts=\toks32
\float@box=\box59
\@float@everytoks=\toks33
\@floatcapt=\box60
) (c:/Users/mcobb/AppData/Roaming/TinyTeX/texmf-dist/tex/latex/tabu/tabu.sty
Package: tabu 2019/01/11 v2.9 - flexible LaTeX tabulars (FC+tabu-fixed)

(c:/Users/mcobb/AppData/Roaming/TinyTeX/texmf-dist/tex/latex/varwidth/varwidth.
sty
Package: varwidth 2009/03/30 ver 0.92;  Variable-width minipages
\@vwid@box=\box61
\sift@deathcycles=\count295
\@vwid@loff=\dimen195
\@vwid@roff=\dimen196
)
\c@taburow=\count296
\tabu@nbcols=\count297
\tabu@cnt=\count298
\tabu@Xcol=\count299
\tabu@alloc=\count300
\tabu@nested=\count301
\tabu@target=\dimen197
\tabu@spreadtarget=\dimen198
\tabu@naturalX=\dimen199
\tabucolX=\dimen256
\tabu@Xsum=\dimen257
\extrarowdepth=\dimen258
\abovetabulinesep=\dimen259
\belowtabulinesep=\dimen260
\tabustrutrule=\dimen261
\tabu@thebody=\toks34
\tabu@footnotes=\toks35
\tabu@box=\box62
\tabu@arstrutbox=\box63
\tabu@hleads=\box64
\tabu@vleads=\box65
\tabu@cellskip=\skip82
)
(c:/Users/mcobb/AppData/Roaming/TinyTeX/texmf-dist/tex/latex/threeparttable/thr
eeparttable.sty
Package: threeparttable 2003/06/13  v 3.0
\@tempboxb=\box66
)
(c:/Users/mcobb/AppData/Roaming/TinyTeX/texmf-dist/tex/latex/threeparttablex/th
reeparttablex.sty
Package: threeparttablex 2013/07/23 v0.3 by daleif

(c:/Users/mcobb/AppData/Roaming/TinyTeX/texmf-dist/tex/latex/environ/environ.st
y
Package: environ 2014/05/04 v0.3 A new way to define environments

(c:/Users/mcobb/AppData/Roaming/TinyTeX/texmf-dist/tex/latex/trimspaces/trimspa
ces.sty
Package: trimspaces 2009/09/17 v1.1 Trim spaces around a token list
))
\TPTL@width=\skip83
) (c:/Users/mcobb/AppData/Roaming/TinyTeX/texmf-dist/tex/generic/ulem/ulem.sty
\UL@box=\box67
\UL@hyphenbox=\box68
\UL@skip=\skip84
\UL@hook=\toks36
\UL@height=\dimen262
\UL@pe=\count302
\UL@pixel=\dimen263
\ULC@box=\box69
Package: ulem 2019/11/18
\ULdepth=\dimen264
)
(c:/Users/mcobb/AppData/Roaming/TinyTeX/texmf-dist/tex/latex/makecell/makecell.
sty
Package: makecell 2009/08/03 V0.1e Managing of Tab Column Heads and Cells
\rotheadsize=\dimen265
\c@nlinenum=\count303
\TeXr@lab=\toks37
)
(c:/Users/mcobb/AppData/Roaming/TinyTeX/texmf-dist/tex/latex/pdfpages/pdfpages.
sty
Package: pdfpages 2021/03/06 v0.5t Insert pages of external PDF documents (AM)
(c:/Users/mcobb/AppData/Roaming/TinyTeX/texmf-dist/tex/latex/base/ifthen.sty
Package: ifthen 2014/09/29 v1.1c Standard LaTeX ifthen package (DPC)
) (c:/Users/mcobb/AppData/Roaming/TinyTeX/texmf-dist/tex/latex/tools/calc.sty
Package: calc 2017/05/25 v4.3 Infix arithmetic (KKT,FJ)
\calc@Acount=\count304
\calc@Bcount=\count305
\calc@Adimen=\dimen266
\calc@Bdimen=\dimen267
\calc@Askip=\skip85
\calc@Bskip=\skip86
LaTeX Info: Redefining \setlength on input line 80.
LaTeX Info: Redefining \addtolength on input line 81.
\calc@Ccount=\count306
\calc@Cskip=\skip87
)
(c:/Users/mcobb/AppData/Roaming/TinyTeX/texmf-dist/tex/latex/eso-pic/eso-pic.st
y
Package: eso-pic 2020/10/14 v3.0a eso-pic (RN)
\ESO@tempdima=\dimen268
\ESO@tempdimb=\dimen269
)
\AM@pagewidth=\dimen270
\AM@pageheight=\dimen271
\AM@fboxrule=\dimen272

(c:/Users/mcobb/AppData/Roaming/TinyTeX/texmf-dist/tex/latex/pdfpages/ppxetex.d
ef
File: ppxetex.def 2021/03/06 v0.5t Pdfpages driver for XeTeX (AM)
)
\pdfpages@includegraphics@status=\count307
\AM@pagebox=\box70
\AM@global@opts=\toks38
\AM@pagecnt=\count308
\AM@toc@title=\toks39
\c@AM@survey=\count309
\AM@templatesizebox=\box71
)
(c:/Users/mcobb/AppData/Roaming/TinyTeX/texmf-dist/tex/latex/l3backend/l3backen
d-xetex.def
File: l3backend-xetex.def 2021-03-18 L3 backend support: XeTeX
(|extractbb --version)
\c__kernel_sys_dvipdfmx_version_int=\count310
\l__color_backend_stack_int=\count311
\g__color_backend_stack_int=\count312
\g__graphics_track_int=\count313
\l__pdf_internal_box=\box72
\g__pdf_backend_object_int=\count314
\g__pdf_backend_annotation_int=\count315
\g__pdf_backend_link_int=\count316
) (./im-ak-survey-implementation-plan.aux

LaTeX Warning: Label `stakeholders' multiply defined.

)
\openout1 = `im-ak-survey-implementation-plan.aux'.

LaTeX Font Info:    Checking defaults for OML/cmm/m/it on input line 144.
LaTeX Font Info:    ... okay on input line 144.
LaTeX Font Info:    Checking defaults for OMS/cmsy/m/n on input line 144.
LaTeX Font Info:    ... okay on input line 144.
LaTeX Font Info:    Checking defaults for OT1/cmr/m/n on input line 144.
LaTeX Font Info:    ... okay on input line 144.
LaTeX Font Info:    Checking defaults for T1/cmr/m/n on input line 144.
LaTeX Font Info:    ... okay on input line 144.
LaTeX Font Info:    Checking defaults for TS1/cmr/m/n on input line 144.
LaTeX Font Info:    Trying to load font information for TS1+cmr on input line 1
44.
(c:/Users/mcobb/AppData/Roaming/TinyTeX/texmf-dist/tex/latex/base/ts1cmr.fd
File: ts1cmr.fd 2019/12/16 v2.5j Standard LaTeX font definitions
)
LaTeX Font Info:    ... okay on input line 144.
LaTeX Font Info:    Checking defaults for TU/lmr/m/n on input line 144.
LaTeX Font Info:    ... okay on input line 144.
LaTeX Font Info:    Checking defaults for OMX/cmex/m/n on input line 144.
LaTeX Font Info:    ... okay on input line 144.
LaTeX Font Info:    Checking defaults for U/cmr/m/n on input line 144.
LaTeX Font Info:    ... okay on input line 144.
LaTeX Font Info:    Checking defaults for PD1/pdf/m/n on input line 144.
LaTeX Font Info:    ... okay on input line 144.
LaTeX Font Info:    Checking defaults for PU/pdf/m/n on input line 144.
LaTeX Font Info:    ... okay on input line 144.
Package ragged2e Info: ABD: executing \RaggedRight on input line 144.
ABD: EverySelectfont initializing macros
LaTeX Info: Redefining \selectfont on input line 144.
Package caption Info: Begin \AtBeginDocument code.
Package caption Info: float package is loaded.
Package caption Info: hyperref package is loaded.
Package caption Info: longtable package is loaded.

(c:/Users/mcobb/AppData/Roaming/TinyTeX/texmf-dist/tex/latex/caption/ltcaption.
sty
Package: ltcaption 2020/05/30 v1.4b longtable captions (AR)
)
Package caption Info: threeparttable package is loaded.
Package caption Info: wrapfig package is loaded.
Package caption Info: End \AtBeginDocument code.
*geometry* driver: auto-detecting
*geometry* detected driver: xetex
*geometry* verbose mode - [ preamble ] result:
* driver: xetex
* paper: <default>
* layout: <same size as paper>
* layoutoffset:(h,v)=(0.0pt,0.0pt)
* modes: twoside 
* h-part:(L,W,R)=(72.26999pt, 469.75502pt, 72.26999pt)
* v-part:(T,H,B)=(72.26999pt, 650.43001pt, 72.26999pt)
* \paperwidth=614.295pt
* \paperheight=794.96999pt
* \textwidth=469.75502pt
* \textheight=650.43001pt
* \oddsidemargin=0.0pt
* \evensidemargin=0.0pt
* \topmargin=-30.06749pt
* \headheight=12.0pt
* \headsep=18.06749pt
* \topskip=10.0pt
* \footskip=25.29494pt
* \marginparwidth=125.0pt
* \marginparsep=7.0pt
* \columnsep=10.0pt
* \skip\footins=9.0pt plus 4.0pt minus 2.0pt
* \hoffset=0.0pt
* \voffset=0.0pt
* \mag=1000
* \@twocolumnfalse
* \@twosidetrue
* \@mparswitchtrue
* \@reversemarginfalse
* (1in=72.27pt=25.4mm, 1cm=28.453pt)

Package hyperref Info: Link coloring OFF on input line 144.

(c:/Users/mcobb/AppData/Roaming/TinyTeX/texmf-dist/tex/latex/hyperref/nameref.s
ty
Package: nameref 2021-04-02 v2.47 Cross-referencing by name of section

(c:/Users/mcobb/AppData/Roaming/TinyTeX/texmf-dist/tex/latex/refcount/refcount.
sty
Package: refcount 2019/12/15 v3.6 Data extraction from label references (HO)
)
(c:/Users/mcobb/AppData/Roaming/TinyTeX/texmf-dist/tex/generic/gettitlestring/g
ettitlestring.sty
Package: gettitlestring 2019/12/15 v1.6 Cleanup title references (HO)
)
\c@section@level=\count317
)
LaTeX Info: Redefining \ref on input line 144.
LaTeX Info: Redefining \pageref on input line 144.
LaTeX Info: Redefining \nameref on input line 144.
(./im-ak-survey-implementation-plan.out) (./im-ak-survey-implementation-plan.ou
t)
\@outlinefile=\write3
\openout3 = `im-ak-survey-implementation-plan.out'.

File: images/fws_logo.png Graphic file (type bmp)
<images/fws_logo.png>
LaTeX Font Info:    Trying to load font information for OT1+lmr on input line 1
48.
(c:/Users/mcobb/AppData/Roaming/TinyTeX/texmf-dist/tex/latex/lm/ot1lmr.fd
File: ot1lmr.fd 2015/05/01 v1.6.1 Font defs for Latin Modern
)
LaTeX Font Info:    Trying to load font information for OML+lmm on input line 1
48.
(c:/Users/mcobb/AppData/Roaming/TinyTeX/texmf-dist/tex/latex/lm/omllmm.fd
File: omllmm.fd 2015/05/01 v1.6.1 Font defs for Latin Modern
)
LaTeX Font Info:    Trying to load font information for OMS+lmsy on input line 
148.
(c:/Users/mcobb/AppData/Roaming/TinyTeX/texmf-dist/tex/latex/lm/omslmsy.fd
File: omslmsy.fd 2015/05/01 v1.6.1 Font defs for Latin Modern
)
LaTeX Font Info:    Trying to load font information for OMX+lmex on input line 
148.
(c:/Users/mcobb/AppData/Roaming/TinyTeX/texmf-dist/tex/latex/lm/omxlmex.fd
File: omxlmex.fd 2015/05/01 v1.6.1 Font defs for Latin Modern
)
LaTeX Font Info:    External font `lmex10' loaded for size
(Font)              <12> on input line 148.
LaTeX Font Info:    External font `lmex10' loaded for size
(Font)              <8> on input line 148.
LaTeX Font Info:    External font `lmex10' loaded for size
(Font)              <6> on input line 148.
LaTeX Font Info:    Trying to load font information for U+msa on input line 148
.
(c:/Users/mcobb/AppData/Roaming/TinyTeX/texmf-dist/tex/latex/amsfonts/umsa.fd
File: umsa.fd 2013/01/14 v3.01 AMS symbols A
)
LaTeX Font Info:    Trying to load font information for U+msb on input line 148
.
(c:/Users/mcobb/AppData/Roaming/TinyTeX/texmf-dist/tex/latex/amsfonts/umsb.fd
File: umsb.fd 2013/01/14 v3.01 AMS symbols B
)

LaTeX Warning: No \author given.

[1


] (./im-ak-survey-implementation-plan.toc
LaTeX Font Info:    External font `lmex10' loaded for size
(Font)              <10> on input line 3.
LaTeX Font Info:    External font `lmex10' loaded for size
(Font)              <7> on input line 3.
LaTeX Font Info:    External font `lmex10' loaded for size
(Font)              <5> on input line 3.
)
\tf@toc=\write4
\openout4 = `im-ak-survey-implementation-plan.toc'.

[1

] [1

] [2

]

Package hyperref Warning: The anchor of a bookmark and its parent's must not
(hyperref)                be the same. Added a new anchor on input line 179.

[3] [4] [5

] [6

] [7] [8] [9

] [10

] [11] [12

]
Underfull \hbox (badness 2005) in paragraph at lines 374--376
[]\T1/lmr/m/n/10 Identify key re-source at-tributes and prin-ci-pal ex-ter-nal 
drivers im-por-tant to achiev-ing the 
 []

[13] [14

]
Underfull \hbox (badness 1783) in paragraph at lines 389--390
[]\T1/lmr/m/n/10 SMART man-age-ment ob-jec-tives are con-sid-ered means ob-jec-
tives in that they are the means by 
 []

[15] [16

] [17] [18

] [19] [20

] [21] [22

] [23]
Underfull \hbox (badness 1199) in paragraph at lines 548--549
[]\T1/lmr/bx/n/10 S\T1/lmr/m/n/10 pecific, \T1/lmr/bx/n/10 M\T1/lmr/m/n/10 easu
rable, \T1/lmr/bx/n/10 A\T1/lmr/m/n/10 chievable, \T1/lmr/bx/n/10 R\T1/lmr/m/n/
10 esults-oriented, and \T1/lmr/bx/n/10 T\T1/lmr/m/n/10 ime-fixed. De-fined in 
[]``Writ-ing Refuge 
 []


Package caption Warning: Unused \captionsetup[table] on input line 15.
See the caption package documentation for explanation.


Package caption Warning: Unused \captionsetup[figure] on input line 16.
See the caption package documentation for explanation.

[24] (./im-ak-survey-implementation-plan.aux)

LaTeX Warning: There were multiply-defined labels.

Package rerunfilecheck Info: File `im-ak-survey-implementation-plan.out' has no
t changed.
(rerunfilecheck)             Checksum: AEB7AA312835617AF1521DE15780DC4F;2197.
 ) 
Here is how much of TeX's memory you used:
 14554 strings out of 478918
 223562 string characters out of 5864811
 542221 words of memory out of 5000000
 34112 multiletter control sequences out of 15000+600000
 458608 words of font info for 72 fonts, out of 8000000 for 9000
 14 hyphenation exceptions out of 8191
 83i,7n,88p,807b,578s stack positions out of 5000i,500n,10000p,200000b,80000s

Output written on im-ak-survey-implementation-plan.pdf (26 pages).
